<?xml version="1.0" encoding="UTF-8"?>
<Site BuildName="Linux-g++"
	BuildStamp="20240327-1041-Experimental"
	Name="TABLET-6ETAJ81M"
	Generator="ctest-3.26.4"
	CompilerName="/usr/bin/g++"
	CompilerVersion="12.3.0"
	OSName="Linux"
	Hostname="TABLET-6ETAJ81M"
	OSRelease="5.15.146.1-microsoft-standard-WSL2"
	OSVersion="#1 SMP Thu Jan 11 04:09:03 UTC 2024"
	OSPlatform="x86_64"
	Is64Bits="1"
	VendorString="GenuineIntel"
	VendorID="Intel Corporation"
	FamilyID="6"
	ModelID="140"
	ProcessorCacheSize="12288"
	NumberOfLogicalCPU="8"
	NumberOfPhysicalCPU="4"
	TotalVirtualMemory="2048"
	TotalPhysicalMemory="7862"
	LogicalProcessorsPerPhysical="2"
	ProcessorClockFrequency="2995.21"
	>
	<Testing>
		<StartDateTime>Mar 27 18:41 CST</StartDateTime>
		<StartTestTime>1711536077</StartTestTime>
		<TestList/>
		<EndDateTime>Mar 27 18:41 CST</EndDateTime>
		<EndTestTime>1711536077</EndTestTime>
		<ElapsedMinutes>0</ElapsedMinutes>
	</Testing>
</Site>
